<?xml version="1.0" encoding="UTF-8"?>
<!-- Generated by org.testng.reporters.JUnitReportReporter -->
<testsuite hostname="DESKTOP-1ULGF16" failures="0" tests="2" name="day37_TestNG1_Introduction.TestClass" time="0.009" errors="0" timestamp="2023-08-25T20:04:48 IST" skipped="0">
  <testcase classname="day37_TestNG1_Introduction.TestClass" name="login" time="0.007"/>
  <testcase classname="day37_TestNG1_Introduction.TestClass" name="logout" time="0.002"/>
</testsuite> <!-- day37_TestNG1_Introduction.TestClass -->
